\BOOKMARK [1][-]{section.1}{\376\377\176\352\213\272\000\040\000\050\0003\133\146\145\366\000\040\124\021\116\026\146\016\000\051}{}% 1
\BOOKMARK [2][-]{subsection.1.1}{\376\377\152\041\137\017\213\306\122\053\127\372\170\100}{section.1}% 2
\BOOKMARK [2][-]{subsection.1.2}{\376\377\152\041\137\017\213\306\122\053\174\373\176\337\155\101\172\013}{section.1}% 3
\BOOKMARK [2][-]{subsection.1.3}{\376\377\152\041\137\017\213\306\122\053\174\373\176\337\213\276\213\241}{section.1}% 4
\BOOKMARK [2][-]{subsection.1.4}{\376\377\152\041\137\017\213\306\122\053\145\271\154\325\122\006\174\173}{section.1}% 5
\BOOKMARK [2][-]{subsection.1.5}{\376\377\147\054\213\376\172\013\121\205\133\271\117\123\174\373}{section.1}% 6
\BOOKMARK [1][-]{section.2}{\376\377\215\035\123\366\145\257\121\263\173\126\164\006\213\272\000\040\000\050\0003\133\146\145\366\000\040\124\021\116\026\146\016\000\051}{}% 7
\BOOKMARK [2][-]{subsection.2.1}{\376\377\150\070\137\303\121\154\137\017}{section.2}% 8
\BOOKMARK [2][-]{subsection.2.2}{\376\377\147\000\134\017\225\031\213\357\163\207\215\035\123\366\145\257\121\263\173\126}{section.2}% 9
\BOOKMARK [2][-]{subsection.2.3}{\376\377\147\000\134\017\230\316\226\151\215\035\123\366\145\257\121\263\173\126}{section.2}% 10
\BOOKMARK [2][-]{subsection.2.4}{\376\377\122\006\174\173\126\150\213\276\213\241}{section.2}% 11
\BOOKMARK [2][-]{subsection.2.5}{\376\377\232\330\145\257\133\306\136\246\116\013\166\204\122\044\122\053\121\375\145\160}{section.2}% 12
\BOOKMARK [3][-]{subsubsection.2.5.1}{\376\377\140\305\137\142\116\000\377\032\000i\000\040\000=\000\040\0002\000\040\000I\377\010\124\004\162\171\137\201\162\354\172\313\116\024\145\271\135\356\166\370\173\111\377\011}{subsection.2.5}% 13
\BOOKMARK [3][-]{subsubsection.2.5.2}{\376\377\140\305\137\142\116\214\377\032\000i\000\040\000=\000\040\377\010\123\117\145\271\135\356\167\351\226\065\166\370\173\111\377\011}{subsection.2.5}% 14
\BOOKMARK [3][-]{subsubsection.2.5.3}{\376\377\140\305\137\142\116\011\377\032\000i\000\040\000=\000j\377\010\123\117\145\271\135\356\167\351\226\065\116\373\141\017\377\011}{subsection.2.5}% 15
\BOOKMARK [2][-]{subsection.2.6}{\376\377\225\031\213\357\163\207\122\006\147\220}{section.2}% 16
\BOOKMARK [1][-]{section.3}{\376\377\151\202\163\207\133\306\136\246\121\375\145\160\117\060\213\241\000\040\000\050\0006\133\146\145\366\000\040\137\040\161\325\146\016\000\051}{}% 17
\BOOKMARK [2][-]{subsection.3.1}{\376\377\127\372\147\054\151\202\137\365}{section.3}% 18
\BOOKMARK [2][-]{subsection.3.2}{\376\377\147\000\131\047\117\074\161\066\117\060\213\241}{section.3}% 19
\BOOKMARK [2][-]{subsection.3.3}{\376\377\215\035\123\366\145\257\117\060\213\241}{section.3}% 20
\BOOKMARK [2][-]{subsection.3.4}{\376\377\153\143\140\001\122\006\136\003\116\013\166\204\215\035\123\366\145\257\117\060\213\241}{section.3}% 21
\BOOKMARK [2][-]{subsection.3.5}{\376\377\215\035\123\366\145\257\133\146\116\140}{section.3}% 22
\BOOKMARK [2][-]{subsection.3.6}{\376\377\162\171\137\201\176\364\145\160\225\356\230\230}{section.3}% 23
\BOOKMARK [2][-]{subsection.3.7}{\376\377\147\037\147\033\147\000\131\047\154\325\377\010\000E\000M\377\011}{section.3}% 24
\BOOKMARK [2][-]{subsection.3.8}{\376\377\226\220\232\154\134\024\123\357\131\053\152\041\127\213}{section.3}% 25
\BOOKMARK [1][-]{section.4}{\376\377\227\136\123\302\145\160\154\325\000\040\000\050\0003\133\146\145\366\000\040\137\040\161\325\146\016\000\051}{}% 26
\BOOKMARK [2][-]{subsection.4.1}{\376\377\133\306\136\246\117\060\213\241}{section.4}% 27
\BOOKMARK [2][-]{subsection.4.2}{\376\377\000P\000a\000r\000z\000e\000n\172\227\145\271\154\325}{section.4}% 28
\BOOKMARK [2][-]{subsection.4.3}{\376\377\000K\217\321\220\273\117\060\213\241}{section.4}% 29
\BOOKMARK [2][-]{subsection.4.4}{\376\377\147\000\217\321\220\273\122\006\174\173\126\150}{section.4}% 30
\BOOKMARK [2][-]{subsection.4.5}{\376\377\000K\217\321\220\273\122\006\174\173\126\150\166\204\145\071\217\333}{section.4}% 31
\BOOKMARK [2][-]{subsection.4.6}{\376\377\215\335\171\273\136\246\221\317}{section.4}% 32
\BOOKMARK [1][-]{section.5}{\376\377\176\277\140\047\122\006\174\173\126\150\213\276\213\241\000\040\000\050\0003\133\146\145\366\000\040\137\040\161\325\146\016\000\051}{}% 33
\BOOKMARK [2][-]{subsection.5.1}{\376\377\137\025\212\000}{section.5}% 34
\BOOKMARK [2][-]{subsection.5.2}{\376\377\176\277\140\047\122\044\122\053\121\375\145\160\116\016\121\263\173\126\227\142}{section.5}% 35
\BOOKMARK [2][-]{subsection.5.3}{\376\377\136\177\116\111\176\277\140\047\122\044\122\053\121\375\145\160}{section.5}% 36
\BOOKMARK [2][-]{subsection.5.4}{\376\377\141\037\167\345\121\306\122\031\121\375\145\160}{section.5}% 37
\BOOKMARK [2][-]{subsection.5.5}{\376\377\147\176\232\160\145\271\154\325}{section.5}% 38
\BOOKMARK [2][-]{subsection.5.6}{\376\377\176\277\140\047\147\000\134\017\116\214\116\130\145\271\154\325}{section.5}% 39
\BOOKMARK [2][-]{subsection.5.7}{\376\377\131\032\174\173\176\277\140\047\122\044\122\053\121\375\145\160}{section.5}% 40
\BOOKMARK [1][-]{section.6}{\376\377\171\136\176\317\177\121\176\334\124\214\155\361\136\246\133\146\116\140\000\040\000\050\0009\133\146\145\366\000\040\137\040\161\325\146\016\000\051}{}% 41
\BOOKMARK [2][-]{subsection.6.1}{\376\377\116\272\135\345\171\136\176\317\177\121\176\334\123\321\134\125\123\206\172\013}{section.6}% 42
\BOOKMARK [2][-]{subsection.6.2}{\376\377\116\272\135\345\171\136\176\317\177\121\176\334\127\372\170\100}{section.6}% 43
\BOOKMARK [2][-]{subsection.6.3}{\376\377\123\125\134\102\122\115\231\210\171\136\176\317\177\121\176\334}{section.6}% 44
\BOOKMARK [2][-]{subsection.6.4}{\376\377\131\032\134\102\141\037\167\345\126\150\116\016\213\357\135\356\123\315\124\021\117\040\144\255\173\227\154\325}{section.6}% 45
\BOOKMARK [2][-]{subsection.6.5}{\376\377\000B\000P\173\227\154\325\213\250\213\272}{section.6}% 46
\BOOKMARK [2][-]{subsection.6.6}{\376\377\123\315\231\210\171\136\176\317\177\121\176\334}{section.6}% 47
\BOOKMARK [2][-]{subsection.6.7}{\376\377\137\204\124\021\127\372\121\375\145\160\177\121\176\334}{section.6}% 48
\BOOKMARK [2][-]{subsection.6.8}{\376\377\201\352\176\304\176\307\146\040\134\004}{section.6}% 49
\BOOKMARK [2][-]{subsection.6.9}{\376\377\155\361\136\246\133\146\116\140\173\200\116\313}{section.6}% 50
\BOOKMARK [2][-]{subsection.6.10}{\376\377\154\342\134\024\121\171\146\374\147\072\173\200\116\313}{section.6}% 51
\BOOKMARK [2][-]{subsection.6.11}{\376\377\201\352\177\026\170\001\126\150}{section.6}% 52
\BOOKMARK [2][-]{subsection.6.12}{\376\377\123\167\171\357\171\136\176\317\177\121\176\334}{section.6}% 53
\BOOKMARK [2][-]{subsection.6.13}{\376\377\000R\000e\000c\000u\000r\000r\000e\000n\000t\000\040\000N\000e\000u\000r\000a\000l\000\040\000N\000e\000t\000w\000o\000r\000k}{section.6}% 54
\BOOKMARK [1][-]{section.7}{\376\377\162\171\137\201\143\320\123\326\116\016\220\011\142\351\000\040\000\050\0006\133\146\145\366\000\040\137\040\161\325\146\016\000\051}{}% 55
\BOOKMARK [2][-]{subsection.7.1}{\376\377\176\364\145\160\160\176\226\276}{section.7}% 56
\BOOKMARK [2][-]{subsection.7.2}{\376\377\162\171\137\201\143\320\123\326}{section.7}% 57
\BOOKMARK [2][-]{subsection.7.3}{\376\377\176\277\140\047\145\271\154\325}{section.7}% 58
\BOOKMARK [2][-]{subsection.7.4}{\376\377\227\136\176\277\140\047\145\271\154\325}{section.7}% 59
\BOOKMARK [2][-]{subsection.7.5}{\376\377\162\171\137\201\220\011\142\351}{section.7}% 60
\BOOKMARK [1][-]{section.8}{\376\377\152\041\127\213\220\011\142\351\000\040\000\050\0003\133\146\145\366\000\040\137\040\161\325\146\016\000\051}{}% 61
\BOOKMARK [2][-]{subsection.8.1}{\376\377\152\041\127\213\220\011\142\351\123\237\122\031}{section.8}% 62
\BOOKMARK [2][-]{subsection.8.2}{\376\377\152\041\127\213\213\304\116\367\150\007\121\306}{section.8}% 63
\BOOKMARK [2][-]{subsection.8.3}{\376\377\127\372\116\216\120\117\135\356\124\214\145\271\135\356\166\204\122\006\174\173\126\150\213\276\213\241\121\306\122\031}{section.8}% 64
\BOOKMARK [2][-]{subsection.8.4}{\376\377\122\006\174\173\126\150\226\306\142\020}{section.8}% 65
\BOOKMARK [2][-]{subsection.8.5}{\376\377\000A\000d\000a\000b\000o\000o\000s\000t\133\146\116\140\145\271\154\325\123\312\121\166\136\224\165\050}{section.8}% 66
\BOOKMARK [1][-]{section.9}{\376\377\200\132\174\173\122\006\147\220\000\040\000\050\0006\133\146\145\366\000\040\137\040\161\325\146\016\000\051}{}% 67
\BOOKMARK [2][-]{subsection.9.1}{\376\377\000K\127\107\120\074\200\132\174\173}{section.9}% 68
\BOOKMARK [2][-]{subsection.9.2}{\376\377\152\041\174\312\000K\127\107\120\074\200\132\174\173}{section.9}% 69
\BOOKMARK [2][-]{subsection.9.3}{\376\377\134\102\153\041\200\132\174\173}{section.9}% 70
\BOOKMARK [2][-]{subsection.9.4}{\376\377\214\061\200\132\174\173}{section.9}% 71
\BOOKMARK [2][-]{subsection.9.5}{\376\377\127\050\176\277\200\132\174\173}{section.9}% 72
\BOOKMARK [2][-]{subsection.9.6}{\376\377\226\306\142\020\200\132\174\173}{section.9}% 73
\BOOKMARK [1][-]{section.10}{\376\377\145\057\143\001\124\021\221\317\147\072\116\016\150\070\145\271\154\325\000\040\000\050\0006\133\146\145\366\000\040\124\021\116\026\146\016\000\051}{}% 74
\BOOKMARK [2][-]{subsection.10.1}{\376\377\176\323\147\204\230\316\226\151\060\001\176\317\232\214\230\316\226\151\116\016\000V\000C\176\364}{section.10}% 75
\BOOKMARK [2][-]{subsection.10.2}{\376\377\176\277\140\047\123\357\122\006\145\057\143\001\124\021\221\317\147\072\116\016\170\154\225\364\226\224\147\000\131\047\123\026}{section.10}% 76
\BOOKMARK [2][-]{subsection.10.3}{\376\377\176\277\140\047\145\057\143\001\124\021\221\317\147\072\116\016\217\157\225\364\226\224\147\000\131\047\123\026}{section.10}% 77
\BOOKMARK [2][-]{subsection.10.4}{\376\377\227\136\176\277\140\047\145\057\143\001\124\021\221\317\147\072}{section.10}% 78
\BOOKMARK [2][-]{subsection.10.5}{\376\377\145\057\143\001\124\021\221\317\147\072\166\204\117\030\123\026\116\016\142\151\134\125}{section.10}% 79
\BOOKMARK [1][-]{section.11}{\376\377\121\263\173\126\150\021\145\271\154\325\000\040\000\050\0003\133\146\145\366\000\040\124\021\116\026\146\016\000\051}{}% 80
\BOOKMARK [2][-]{subsection.11.1}{\376\377\121\263\173\126\150\021\152\041\127\213\060\001\133\146\116\140\116\016\162\171\137\201\220\011\142\351}{section.11}% 81
\BOOKMARK [2][-]{subsection.11.2}{\376\377\121\263\173\126\150\021\165\037\142\020\116\016\122\152\147\235\377\010\000I\000D\0003\000,\000\040\000C\0004\000.\0005\000,\000\040\000C\000A\000R\000T\173\111\173\227\154\325\377\011}{section.11}% 82
\BOOKMARK [2][-]{subsection.11.3}{\376\377\226\217\147\072\150\356\147\227\173\227\154\325}{section.11}% 83
\BOOKMARK [1][-]{section.12}{\376\377\152\041\137\017\213\306\122\053\122\115\154\277\215\213\122\277\000\040\000\050\0003\133\146\145\366\000\040\124\021\116\026\146\016\000\051}{}% 84
\BOOKMARK [2][-]{subsection.12.1}{\376\377\213\376\172\013\121\205\133\271\140\073\117\123\126\336\230\176}{section.12}% 85
\BOOKMARK [2][-]{subsection.12.2}{\376\377\152\041\137\017\213\306\122\053\123\321\134\125\163\260\162\266\116\016\145\260\122\250\140\001}{section.12}% 86
\BOOKMARK [2][-]{subsection.12.3}{\376\377\152\041\137\017\213\306\122\053\116\055\166\204\143\021\142\030\140\047\225\356\230\230}{section.12}% 87
\BOOKMARK [1][-]{section.13}{\376\377\200\003\150\070\000\040\000\050\0006\133\146\145\366\000\040\124\021\116\026\146\016\000\051}{}% 88
\BOOKMARK [2][-]{subsection.13.1}{\376\377\200\003\213\325\000+\173\124\165\221}{section.13}% 89
\BOOKMARK [1][-]{section*.2}{\376\377\226\104\137\125\377\032\136\070\165\050\000\040\000L\000a\000T\000e\000X\000\040\152\041\147\177}{}% 90
